<?xml version="1.0" encoding="UTF-8" standalone="yes"?><!DOCTYPE report PUBLIC "-//JACOCO//DTD Report 1.1//EN" "report.dtd"><report name="demo"><sessioninfo id="sebastiens-MacBook-Pro-755.local-a0f0586c" start="1680166439612" dump="1680166439998"/><sessioninfo id="sebastiens-MacBook-Pro-755.local-76fb402a" start="1680166609644" dump="1680166610031"/><sessioninfo id="sebastiens-MacBook-Pro-755.local-dfea38ab" start="1680166924398" dump="1680166924791"/><sessioninfo id="sebastiens-MacBook-Pro-755.local-5ecb279c" start="1680166978507" dump="1680166978889"/><sessioninfo id="sebastiens-MacBook-Pro-755.local-ffda4bb9" start="1680167070299" dump="1680167070679"/><sessioninfo id="sebastiens-MacBook-Pro-755.local-1adde34a" start="1680167113717" dump="1680167114133"/><sessioninfo id="sebastiens-MacBook-Pro-755.local-1e0db34b" start="1680167615954" dump="1680167616376"/><sessioninfo id="sebastiens-MacBook-Pro-755.local-6174a6d6" start="1680168692308" dump="1680168692718"/><sessioninfo id="sebastiens-MacBook-Pro-755.local-6c8a3d72" start="1680170024353" dump="1680170024732"/><sessioninfo id="sebastiens-MacBook-Pro-755.local-44027404" start="1680170099881" dump="1680170100254"/><sessioninfo id="sebastiens-MacBook-Pro-755.local-4efb0a76" start="1680170731601" dump="1680170732056"/><sessioninfo id="sebastiens-MacBook-Pro-755.local-a333bbb" start="1680170990404" dump="1680170990820"/><sessioninfo id="sebastiens-MacBook-Pro-755.local-fe310a12" start="1680171120359" dump="1680171120780"/><sessioninfo id="sebastiens-MacBook-Pro-755.local-778d9c53" start="1680171248140" dump="1680171248558"/><sessioninfo id="sebastiens-MacBook-Pro-755.local-48126274" start="1680171288071" dump="1680171288487"/><sessioninfo id="sebastiens-MacBook-Pro-755.local-13109f2e" start="1680171780172" dump="1680171780585"/><sessioninfo id="sebastiens-MacBook-Pro-755.local-5edad66c" start="1680171966442" dump="1680171966892"/><sessioninfo id="sebastiens-MacBook-Pro-755.local-b7707ad4" start="1680172855364" dump="1680172855758"/><sessioninfo id="sebastiens-MacBook-Pro-755.local-5832bbe8" start="1680250322585" dump="1680250323166"/><sessioninfo id="sebastiens-MacBook-Pro-755.local-95834319" start="1680250622454" dump="1680250623029"/><sessioninfo id="sebastiens-MacBook-Pro-755.local-83787639" start="1680251154591" dump="1680251155187"/><sessioninfo id="sebastiens-MacBook-Pro-755.local-82c1e559" start="1680251202999" dump="1680251203388"/><sessioninfo id="sebastiens-MacBook-Pro-755.local-e2cf1067" start="1680256282716" dump="1680256283347"/><package name="com/example/testons"><class name="com/example/testons/Phone" sourcefilename="Phone.java"><method name="&lt;init&gt;" desc="(Ljava/lang/String;)V" line="6"><counter type="INSTRUCTION" missed="0" covered="8"/><counter type="LINE" missed="0" covered="4"/><counter type="COMPLEXITY" missed="0" covered="1"/><counter type="METHOD" missed="0" covered="1"/></method><method name="checkDigits" desc="()Z" line="12"><counter type="INSTRUCTION" missed="0" covered="19"/><counter type="BRANCH" missed="0" covered="4"/><counter type="LINE" missed="0" covered="4"/><counter type="COMPLEXITY" missed="0" covered="3"/><counter type="METHOD" missed="0" covered="1"/></method><method name="checkLength" desc="()V" line="21"><counter type="INSTRUCTION" missed="0" covered="11"/><counter type="BRANCH" missed="0" covered="2"/><counter type="LINE" missed="0" covered="3"/><counter type="COMPLEXITY" missed="0" covered="2"/><counter type="METHOD" missed="0" covered="1"/></method><method name="toString" desc="()Ljava/lang/String;" line="29"><counter type="INSTRUCTION" missed="0" covered="58"/><counter type="LINE" missed="0" covered="5"/><counter type="COMPLEXITY" missed="0" covered="1"/><counter type="METHOD" missed="0" covered="1"/></method><counter type="INSTRUCTION" missed="0" covered="96"/><counter type="BRANCH" missed="0" covered="6"/><counter type="LINE" missed="0" covered="16"/><counter type="COMPLEXITY" missed="0" covered="7"/><counter type="METHOD" missed="0" covered="4"/><counter type="CLASS" missed="0" covered="1"/></class><class name="com/example/testons/App" sourcefilename="App.java"><method name="main" desc="([Ljava/lang/String;)V" line="15"><counter type="INSTRUCTION" missed="4" covered="0"/><counter type="LINE" missed="2" covered="0"/><counter type="COMPLEXITY" missed="1" covered="0"/><counter type="METHOD" missed="1" covered="0"/></method><counter type="INSTRUCTION" missed="4" covered="0"/><counter type="LINE" missed="2" covered="0"/><counter type="COMPLEXITY" missed="1" covered="0"/><counter type="METHOD" missed="1" covered="0"/><counter type="CLASS" missed="1" covered="0"/></class><class name="com/example/testons/Seb" sourcefilename="Seb.java"><method name="&lt;init&gt;" desc="()V" line="11"><counter type="INSTRUCTION" missed="0" covered="3"/><counter type="LINE" missed="0" covered="2"/><counter type="COMPLEXITY" missed="0" covered="1"/><counter type="METHOD" missed="0" covered="1"/></method><method name="concat" desc="(Ljava/lang/String;Ljava/lang/String;)Ljava/lang/String;" line="20"><counter type="INSTRUCTION" missed="0" covered="11"/><counter type="LINE" missed="0" covered="1"/><counter type="COMPLEXITY" missed="0" covered="1"/><counter type="METHOD" missed="0" covered="1"/></method><method name="calculTVA" desc="(DD)D" line="29"><counter type="INSTRUCTION" missed="0" covered="19"/><counter type="BRANCH" missed="1" covered="3"/><counter type="LINE" missed="0" covered="3"/><counter type="COMPLEXITY" missed="1" covered="2"/><counter type="METHOD" missed="0" covered="1"/></method><counter type="INSTRUCTION" missed="0" covered="33"/><counter type="BRANCH" missed="1" covered="3"/><counter type="LINE" missed="0" covered="6"/><counter type="COMPLEXITY" missed="1" covered="4"/><counter type="METHOD" missed="0" covered="3"/><counter type="CLASS" missed="0" covered="1"/></class><sourcefile name="App.java"><line nr="15" mi="3" ci="0" mb="0" cb="0"/><line nr="16" mi="1" ci="0" mb="0" cb="0"/><counter type="INSTRUCTION" missed="4" covered="0"/><counter type="LINE" missed="2" covered="0"/><counter type="COMPLEXITY" missed="1" covered="0"/><counter type="METHOD" missed="1" covered="0"/><counter type="CLASS" missed="1" covered="0"/></sourcefile><sourcefile name="Phone.java"><line nr="6" mi="0" ci="2" mb="0" cb="0"/><line nr="7" mi="0" ci="3" mb="0" cb="0"/><line nr="8" mi="0" ci="2" mb="0" cb="0"/><line nr="9" mi="0" ci="1" mb="0" cb="0"/><line nr="12" mi="0" ci="9" mb="0" cb="2"/><line nr="13" mi="0" ci="6" mb="0" cb="2"/><line nr="14" mi="0" ci="2" mb="0" cb="0"/><line nr="17" mi="0" ci="2" mb="0" cb="0"/><line nr="21" mi="0" ci="5" mb="0" cb="2"/><line nr="22" mi="0" ci="5" mb="0" cb="0"/><line nr="24" mi="0" ci="1" mb="0" cb="0"/><line nr="29" mi="0" ci="13" mb="0" cb="0"/><line nr="30" mi="0" ci="15" mb="0" cb="0"/><line nr="31" mi="0" ci="15" mb="0" cb="0"/><line nr="32" mi="0" ci="13" mb="0" cb="0"/><line nr="33" mi="0" ci="2" mb="0" cb="0"/><counter type="INSTRUCTION" missed="0" covered="96"/><counter type="BRANCH" missed="0" covered="6"/><counter type="LINE" missed="0" covered="16"/><counter type="COMPLEXITY" missed="0" covered="7"/><counter type="METHOD" missed="0" covered="4"/><counter type="CLASS" missed="0" covered="1"/></sourcefile><sourcefile name="Seb.java"><line nr="11" mi="0" ci="2" mb="0" cb="0"/><line nr="12" mi="0" ci="1" mb="0" cb="0"/><line nr="20" mi="0" ci="11" mb="0" cb="0"/><line nr="29" mi="0" ci="8" mb="1" cb="3"/><line nr="30" mi="0" ci="5" mb="0" cb="0"/><line nr="32" mi="0" ci="6" mb="0" cb="0"/><counter type="INSTRUCTION" missed="0" covered="33"/><counter type="BRANCH" missed="1" covered="3"/><counter type="LINE" missed="0" covered="6"/><counter type="COMPLEXITY" missed="1" covered="4"/><counter type="METHOD" missed="0" covered="3"/><counter type="CLASS" missed="0" covered="1"/></sourcefile><counter type="INSTRUCTION" missed="4" covered="129"/><counter type="BRANCH" missed="1" covered="9"/><counter type="LINE" missed="2" covered="22"/><counter type="COMPLEXITY" missed="2" covered="11"/><counter type="METHOD" missed="1" covered="7"/><counter type="CLASS" missed="1" covered="2"/></package><counter type="INSTRUCTION" missed="4" covered="129"/><counter type="BRANCH" missed="1" covered="9"/><counter type="LINE" missed="2" covered="22"/><counter type="COMPLEXITY" missed="2" covered="11"/><counter type="METHOD" missed="1" covered="7"/><counter type="CLASS" missed="1" covered="2"/></report>